{"C:\\Users\\16258\\Desktop\\RevatureGit\\Foundations_Project\\src\\repository\\AuthenticationDAO.js": {"path":"C:\\Users\\16258\\Desktop\\RevatureGit\\Foundations_Project\\src\\repository\\AuthenticationDAO.js","statementMap":{"0":{"start":{"line":1,"column":27},"end":{"line":1,"column":62}},"1":{"start":{"line":10,"column":4},"end":{"line":10,"column":36}},"2":{"start":{"line":11,"column":16},"end":{"line":11,"column":34}},"3":{"start":{"line":13,"column":15},"end":{"line":13,"column":58}},"4":{"start":{"line":16,"column":23},"end":{"line":16,"column":58}},"5":{"start":{"line":25,"column":4},"end":{"line":25,"column":25}},"6":{"start":{"line":26,"column":20},"end":{"line":33,"column":6}},"7":{"start":{"line":35,"column":4},"end":{"line":60,"column":5}},"8":{"start":{"line":37,"column":19},"end":{"line":37,"column":53}},"9":{"start":{"line":39,"column":8},"end":{"line":55,"column":9}},"10":{"start":{"line":41,"column":29},"end":{"line":49,"column":14}},"11":{"start":{"line":50,"column":25},"end":{"line":50,"column":60}},"12":{"start":{"line":51,"column":12},"end":{"line":51,"column":24}},"13":{"start":{"line":54,"column":12},"end":{"line":54,"column":25}},"14":{"start":{"line":58,"column":8},"end":{"line":58,"column":29}},"15":{"start":{"line":59,"column":8},"end":{"line":59,"column":20}},"16":{"start":{"line":65,"column":20},"end":{"line":72,"column":6}},"17":{"start":{"line":73,"column":4},"end":{"line":86,"column":5}},"18":{"start":{"line":74,"column":21},"end":{"line":74,"column":55}},"19":{"start":{"line":75,"column":19},"end":{"line":75,"column":23}},"20":{"start":{"line":77,"column":8},"end":{"line":83,"column":9}},"21":{"start":{"line":78,"column":12},"end":{"line":78,"column":33}},"22":{"start":{"line":81,"column":12},"end":{"line":81,"column":34}},"23":{"start":{"line":82,"column":12},"end":{"line":82,"column":25}},"24":{"start":{"line":85,"column":8},"end":{"line":85,"column":20}},"25":{"start":{"line":90,"column":0},"end":{"line":93,"column":1}}},"fnMap":{"0":{"name":"register","decl":{"start":{"line":24,"column":15},"end":{"line":24,"column":23}},"loc":{"start":{"line":24,"column":32},"end":{"line":61,"column":1}},"line":24},"1":{"name":"login","decl":{"start":{"line":63,"column":15},"end":{"line":63,"column":20}},"loc":{"start":{"line":63,"column":30},"end":{"line":88,"column":1}},"line":63}},"branchMap":{"0":{"loc":{"start":{"line":39,"column":8},"end":{"line":55,"column":9}},"type":"if","locations":[{"start":{"line":39,"column":8},"end":{"line":55,"column":9}},{"start":{"line":53,"column":12},"end":{"line":55,"column":9}}],"line":39},"1":{"loc":{"start":{"line":77,"column":8},"end":{"line":83,"column":9}},"type":"if","locations":[{"start":{"line":77,"column":8},"end":{"line":83,"column":9}},{"start":{"line":80,"column":12},"end":{"line":83,"column":9}}],"line":77}},"s":{"0":1,"1":1,"2":1,"3":1,"4":1,"5":0,"6":0,"7":0,"8":0,"9":0,"10":0,"11":0,"12":0,"13":0,"14":0,"15":0,"16":0,"17":0,"18":0,"19":0,"20":0,"21":0,"22":0,"23":0,"24":0,"25":1},"f":{"0":0,"1":0},"b":{"0":[0,0],"1":[0,0]},"_coverageSchema":"1a1c01bbd47fc00a2c39e90264f33305004495a9","hash":"a8bd796d1108e09980d7cde8a468a8b3ea4996d1"}
,"C:\\Users\\16258\\Desktop\\RevatureGit\\Foundations_Project\\src\\repository\\EmployeeDAO.js": {"path":"C:\\Users\\16258\\Desktop\\RevatureGit\\Foundations_Project\\src\\repository\\EmployeeDAO.js","statementMap":{"0":{"start":{"line":1,"column":27},"end":{"line":1,"column":62}},"1":{"start":{"line":10,"column":4},"end":{"line":10,"column":36}},"2":{"start":{"line":12,"column":15},"end":{"line":12,"column":58}},"3":{"start":{"line":15,"column":23},"end":{"line":15,"column":58}},"4":{"start":{"line":17,"column":18},"end":{"line":17,"column":25}},"5":{"start":{"line":18,"column":20},"end":{"line":18,"column":29}},"6":{"start":{"line":26,"column":20},"end":{"line":32,"column":6}},"7":{"start":{"line":34,"column":4},"end":{"line":39,"column":5}},"8":{"start":{"line":35,"column":21},"end":{"line":35,"column":55}},"9":{"start":{"line":36,"column":8},"end":{"line":36,"column":20}},"10":{"start":{"line":38,"column":8},"end":{"line":38,"column":20}},"11":{"start":{"line":43,"column":26},"end":{"line":52,"column":6}},"12":{"start":{"line":54,"column":4},"end":{"line":61,"column":5}},"13":{"start":{"line":55,"column":21},"end":{"line":55,"column":61}},"14":{"start":{"line":56,"column":8},"end":{"line":56,"column":26}},"15":{"start":{"line":57,"column":8},"end":{"line":57,"column":33}},"16":{"start":{"line":60,"column":8},"end":{"line":60,"column":20}},"17":{"start":{"line":64,"column":0},"end":{"line":67,"column":2}}},"fnMap":{"0":{"name":"viewList","decl":{"start":{"line":20,"column":15},"end":{"line":20,"column":23}},"loc":{"start":{"line":20,"column":29},"end":{"line":40,"column":1}},"line":20},"1":{"name":"submitTicket","decl":{"start":{"line":42,"column":15},"end":{"line":42,"column":27}},"loc":{"start":{"line":42,"column":35},"end":{"line":62,"column":1}},"line":42}},"branchMap":{},"s":{"0":1,"1":1,"2":1,"3":1,"4":1,"5":1,"6":0,"7":0,"8":0,"9":0,"10":0,"11":0,"12":0,"13":0,"14":0,"15":0,"16":0,"17":1},"f":{"0":0,"1":0},"b":{},"_coverageSchema":"1a1c01bbd47fc00a2c39e90264f33305004495a9","hash":"832064148ccb9e23751bfc38a4f389c56f2d4ace"}
,"C:\\Users\\16258\\Desktop\\RevatureGit\\Foundations_Project\\src\\repository\\ManagerDAO.js": {"path":"C:\\Users\\16258\\Desktop\\RevatureGit\\Foundations_Project\\src\\repository\\ManagerDAO.js","statementMap":{"0":{"start":{"line":1,"column":27},"end":{"line":1,"column":62}},"1":{"start":{"line":10,"column":4},"end":{"line":10,"column":36}},"2":{"start":{"line":12,"column":15},"end":{"line":12,"column":58}},"3":{"start":{"line":15,"column":23},"end":{"line":15,"column":58}},"4":{"start":{"line":17,"column":18},"end":{"line":17,"column":25}},"5":{"start":{"line":18,"column":20},"end":{"line":18,"column":29}},"6":{"start":{"line":28,"column":20},"end":{"line":34,"column":6}},"7":{"start":{"line":35,"column":4},"end":{"line":41,"column":5}},"8":{"start":{"line":36,"column":21},"end":{"line":36,"column":55}},"9":{"start":{"line":37,"column":8},"end":{"line":37,"column":26}},"10":{"start":{"line":38,"column":8},"end":{"line":38,"column":20}},"11":{"start":{"line":40,"column":8},"end":{"line":40,"column":20}},"12":{"start":{"line":45,"column":26},"end":{"line":52,"column":6}},"13":{"start":{"line":54,"column":4},"end":{"line":60,"column":5}},"14":{"start":{"line":55,"column":21},"end":{"line":55,"column":61}},"15":{"start":{"line":56,"column":8},"end":{"line":56,"column":26}},"16":{"start":{"line":57,"column":8},"end":{"line":57,"column":33}},"17":{"start":{"line":59,"column":8},"end":{"line":59,"column":20}},"18":{"start":{"line":64,"column":0},"end":{"line":67,"column":1}}},"fnMap":{"0":{"name":"viewPendingList","decl":{"start":{"line":21,"column":15},"end":{"line":21,"column":30}},"loc":{"start":{"line":21,"column":32},"end":{"line":42,"column":1}},"line":21},"1":{"name":"updateTicket","decl":{"start":{"line":44,"column":15},"end":{"line":44,"column":27}},"loc":{"start":{"line":44,"column":40},"end":{"line":62,"column":1}},"line":44}},"branchMap":{},"s":{"0":1,"1":1,"2":1,"3":1,"4":1,"5":1,"6":0,"7":0,"8":0,"9":0,"10":0,"11":0,"12":0,"13":0,"14":0,"15":0,"16":0,"17":0,"18":1},"f":{"0":0,"1":0},"b":{},"_coverageSchema":"1a1c01bbd47fc00a2c39e90264f33305004495a9","hash":"6f7cdd0c54316616c46a9b2bc43798bc1059db19"}
,"C:\\Users\\16258\\Desktop\\RevatureGit\\Foundations_Project\\src\\service\\service.js": {"path":"C:\\Users\\16258\\Desktop\\RevatureGit\\Foundations_Project\\src\\service\\service.js","statementMap":{"0":{"start":{"line":1,"column":19},"end":{"line":1,"column":54}},"1":{"start":{"line":2,"column":20},"end":{"line":2,"column":56}},"2":{"start":{"line":3,"column":26},"end":{"line":3,"column":68}},"3":{"start":{"line":4,"column":13},"end":{"line":4,"column":28}},"4":{"start":{"line":8,"column":4},"end":{"line":20,"column":5}},"5":{"start":{"line":9,"column":16},"end":{"line":14,"column":8}},"6":{"start":{"line":15,"column":6},"end":{"line":15,"column":44}},"7":{"start":{"line":16,"column":6},"end":{"line":16,"column":17}},"8":{"start":{"line":19,"column":6},"end":{"line":19,"column":35}},"9":{"start":{"line":26,"column":2},"end":{"line":32,"column":3}},"10":{"start":{"line":27,"column":17},"end":{"line":27,"column":50}},"11":{"start":{"line":28,"column":4},"end":{"line":28,"column":16}},"12":{"start":{"line":30,"column":4},"end":{"line":30,"column":39}},"13":{"start":{"line":31,"column":4},"end":{"line":31,"column":11}},"14":{"start":{"line":38,"column":17},"end":{"line":38,"column":49}},"15":{"start":{"line":39,"column":4},"end":{"line":39,"column":16}},"16":{"start":{"line":44,"column":4},"end":{"line":54,"column":5}},"17":{"start":{"line":45,"column":19},"end":{"line":51,"column":8}},"18":{"start":{"line":52,"column":6},"end":{"line":52,"column":56}},"19":{"start":{"line":53,"column":6},"end":{"line":53,"column":20}},"20":{"start":{"line":56,"column":4},"end":{"line":56,"column":32}},"21":{"start":{"line":61,"column":17},"end":{"line":61,"column":51}},"22":{"start":{"line":62,"column":4},"end":{"line":62,"column":16}},"23":{"start":{"line":67,"column":16},"end":{"line":67,"column":73}},"24":{"start":{"line":68,"column":4},"end":{"line":68,"column":15}},"25":{"start":{"line":72,"column":4},"end":{"line":74,"column":5}},"26":{"start":{"line":73,"column":8},"end":{"line":73,"column":21}},"27":{"start":{"line":75,"column":4},"end":{"line":75,"column":16}},"28":{"start":{"line":80,"column":23},"end":{"line":80,"column":51}},"29":{"start":{"line":81,"column":18},"end":{"line":81,"column":56}},"30":{"start":{"line":83,"column":4},"end":{"line":86,"column":5}},"31":{"start":{"line":84,"column":6},"end":{"line":84,"column":63}},"32":{"start":{"line":85,"column":6},"end":{"line":85,"column":13}},"33":{"start":{"line":88,"column":4},"end":{"line":95,"column":7}},"34":{"start":{"line":89,"column":6},"end":{"line":92,"column":7}},"35":{"start":{"line":90,"column":8},"end":{"line":90,"column":62}},"36":{"start":{"line":91,"column":8},"end":{"line":91,"column":15}},"37":{"start":{"line":93,"column":6},"end":{"line":93,"column":22}},"38":{"start":{"line":94,"column":6},"end":{"line":94,"column":13}},"39":{"start":{"line":99,"column":23},"end":{"line":99,"column":51}},"40":{"start":{"line":100,"column":18},"end":{"line":100,"column":56}},"41":{"start":{"line":102,"column":4},"end":{"line":105,"column":5}},"42":{"start":{"line":103,"column":6},"end":{"line":103,"column":63}},"43":{"start":{"line":104,"column":6},"end":{"line":104,"column":13}},"44":{"start":{"line":107,"column":4},"end":{"line":115,"column":7}},"45":{"start":{"line":108,"column":6},"end":{"line":108,"column":29}},"46":{"start":{"line":109,"column":6},"end":{"line":112,"column":7}},"47":{"start":{"line":110,"column":8},"end":{"line":110,"column":62}},"48":{"start":{"line":111,"column":8},"end":{"line":111,"column":15}},"49":{"start":{"line":113,"column":6},"end":{"line":113,"column":22}},"50":{"start":{"line":114,"column":6},"end":{"line":114,"column":13}},"51":{"start":{"line":118,"column":0},"end":{"line":127,"column":1}}},"fnMap":{"0":{"name":"register","decl":{"start":{"line":6,"column":15},"end":{"line":6,"column":23}},"loc":{"start":{"line":6,"column":49},"end":{"line":22,"column":1}},"line":6},"1":{"name":"login","decl":{"start":{"line":24,"column":15},"end":{"line":24,"column":20}},"loc":{"start":{"line":24,"column":30},"end":{"line":34,"column":1}},"line":24},"2":{"name":"viewList","decl":{"start":{"line":37,"column":15},"end":{"line":37,"column":23}},"loc":{"start":{"line":37,"column":29},"end":{"line":40,"column":1}},"line":37},"3":{"name":"submitTicket","decl":{"start":{"line":42,"column":15},"end":{"line":42,"column":27}},"loc":{"start":{"line":42,"column":33},"end":{"line":57,"column":1}},"line":42},"4":{"name":"viewPendingList","decl":{"start":{"line":60,"column":15},"end":{"line":60,"column":30}},"loc":{"start":{"line":60,"column":32},"end":{"line":63,"column":1}},"line":60},"5":{"name":"updateTicket","decl":{"start":{"line":65,"column":15},"end":{"line":65,"column":27}},"loc":{"start":{"line":65,"column":34},"end":{"line":69,"column":1}},"line":65},"6":{"name":"validateTicket","decl":{"start":{"line":71,"column":9},"end":{"line":71,"column":23}},"loc":{"start":{"line":71,"column":30},"end":{"line":76,"column":1}},"line":71},"7":{"name":"authenticateToken","decl":{"start":{"line":79,"column":9},"end":{"line":79,"column":26}},"loc":{"start":{"line":79,"column":43},"end":{"line":96,"column":3}},"line":79},"8":{"name":"(anonymous_8)","decl":{"start":{"line":88,"column":33},"end":{"line":88,"column":34}},"loc":{"start":{"line":88,"column":48},"end":{"line":95,"column":5}},"line":88},"9":{"name":"authenticateAdminToken","decl":{"start":{"line":98,"column":11},"end":{"line":98,"column":33}},"loc":{"start":{"line":98,"column":50},"end":{"line":116,"column":3}},"line":98},"10":{"name":"(anonymous_10)","decl":{"start":{"line":107,"column":33},"end":{"line":107,"column":34}},"loc":{"start":{"line":107,"column":48},"end":{"line":115,"column":5}},"line":107}},"branchMap":{"0":{"loc":{"start":{"line":8,"column":4},"end":{"line":20,"column":5}},"type":"if","locations":[{"start":{"line":8,"column":4},"end":{"line":20,"column":5}},{"start":{"line":18,"column":8},"end":{"line":20,"column":5}}],"line":8},"1":{"loc":{"start":{"line":8,"column":7},"end":{"line":8,"column":35}},"type":"binary-expr","locations":[{"start":{"line":8,"column":7},"end":{"line":8,"column":15}},{"start":{"line":8,"column":19},"end":{"line":8,"column":27}},{"start":{"line":8,"column":31},"end":{"line":8,"column":35}}],"line":8},"2":{"loc":{"start":{"line":26,"column":2},"end":{"line":32,"column":3}},"type":"if","locations":[{"start":{"line":26,"column":2},"end":{"line":32,"column":3}},{"start":{"line":29,"column":9},"end":{"line":32,"column":3}}],"line":26},"3":{"loc":{"start":{"line":44,"column":4},"end":{"line":54,"column":5}},"type":"if","locations":[{"start":{"line":44,"column":4},"end":{"line":54,"column":5}},{"start":{},"end":{}}],"line":44},"4":{"loc":{"start":{"line":72,"column":4},"end":{"line":74,"column":5}},"type":"if","locations":[{"start":{"line":72,"column":4},"end":{"line":74,"column":5}},{"start":{},"end":{}}],"line":72},"5":{"loc":{"start":{"line":72,"column":7},"end":{"line":72,"column":58}},"type":"binary-expr","locations":[{"start":{"line":72,"column":7},"end":{"line":72,"column":19}},{"start":{"line":72,"column":23},"end":{"line":72,"column":40}},{"start":{"line":72,"column":44},"end":{"line":72,"column":58}}],"line":72},"6":{"loc":{"start":{"line":81,"column":18},"end":{"line":81,"column":56}},"type":"binary-expr","locations":[{"start":{"line":81,"column":18},"end":{"line":81,"column":28}},{"start":{"line":81,"column":32},"end":{"line":81,"column":56}}],"line":81},"7":{"loc":{"start":{"line":83,"column":4},"end":{"line":86,"column":5}},"type":"if","locations":[{"start":{"line":83,"column":4},"end":{"line":86,"column":5}},{"start":{},"end":{}}],"line":83},"8":{"loc":{"start":{"line":89,"column":6},"end":{"line":92,"column":7}},"type":"if","locations":[{"start":{"line":89,"column":6},"end":{"line":92,"column":7}},{"start":{},"end":{}}],"line":89},"9":{"loc":{"start":{"line":100,"column":18},"end":{"line":100,"column":56}},"type":"binary-expr","locations":[{"start":{"line":100,"column":18},"end":{"line":100,"column":28}},{"start":{"line":100,"column":32},"end":{"line":100,"column":56}}],"line":100},"10":{"loc":{"start":{"line":102,"column":4},"end":{"line":105,"column":5}},"type":"if","locations":[{"start":{"line":102,"column":4},"end":{"line":105,"column":5}},{"start":{},"end":{}}],"line":102},"11":{"loc":{"start":{"line":109,"column":6},"end":{"line":112,"column":7}},"type":"if","locations":[{"start":{"line":109,"column":6},"end":{"line":112,"column":7}},{"start":{},"end":{}}],"line":109},"12":{"loc":{"start":{"line":109,"column":10},"end":{"line":109,"column":38}},"type":"binary-expr","locations":[{"start":{"line":109,"column":10},"end":{"line":109,"column":13}},{"start":{"line":109,"column":17},"end":{"line":109,"column":38}}],"line":109}},"s":{"0":1,"1":1,"2":1,"3":1,"4":1,"5":1,"6":1,"7":1,"8":0,"9":1,"10":1,"11":1,"12":0,"13":0,"14":1,"15":1,"16":1,"17":1,"18":1,"19":1,"20":0,"21":1,"22":1,"23":0,"24":0,"25":1,"26":0,"27":1,"28":0,"29":0,"30":0,"31":0,"32":0,"33":0,"34":0,"35":0,"36":0,"37":0,"38":0,"39":0,"40":0,"41":0,"42":0,"43":0,"44":0,"45":0,"46":0,"47":0,"48":0,"49":0,"50":0,"51":1},"f":{"0":1,"1":1,"2":1,"3":1,"4":1,"5":0,"6":1,"7":0,"8":0,"9":0,"10":0},"b":{"0":[1,0],"1":[1,1,1],"2":[1,0],"3":[1,0],"4":[0,1],"5":[1,1,1],"6":[0,0],"7":[0,0],"8":[0,0],"9":[0,0],"10":[0,0],"11":[0,0],"12":[0,0]},"_coverageSchema":"1a1c01bbd47fc00a2c39e90264f33305004495a9","hash":"728876f32ffae5c7bcfc839ff00f8488592fc587"}
}
