TN:
SF:src\repository\AuthenticationDAO.js
FN:24,register
FN:63,login
FNF:2
FNH:0
FNDA:0,register
FNDA:0,login
DA:1,1
DA:10,1
DA:11,1
DA:13,1
DA:16,1
DA:25,0
DA:26,0
DA:35,0
DA:37,0
DA:39,0
DA:41,0
DA:50,0
DA:51,0
DA:54,0
DA:58,0
DA:59,0
DA:65,0
DA:73,0
DA:74,0
DA:75,0
DA:77,0
DA:78,0
DA:81,0
DA:82,0
DA:85,0
DA:90,1
LF:26
LH:6
BRDA:39,0,0,0
BRDA:39,0,1,0
BRDA:77,1,0,0
BRDA:77,1,1,0
BRF:4
BRH:0
end_of_record
TN:
SF:src\repository\EmployeeDAO.js
FN:20,viewList
FN:42,submitTicket
FNF:2
FNH:0
FNDA:0,viewList
FNDA:0,submitTicket
DA:1,1
DA:10,1
DA:12,1
DA:15,1
DA:17,1
DA:18,1
DA:26,0
DA:34,0
DA:35,0
DA:36,0
DA:38,0
DA:43,0
DA:54,0
DA:55,0
DA:56,0
DA:57,0
DA:60,0
DA:64,1
LF:18
LH:7
BRF:0
BRH:0
end_of_record
TN:
SF:src\repository\ManagerDAO.js
FN:21,viewPendingList
FN:43,updateTicket
FNF:2
FNH:0
FNDA:0,viewPendingList
FNDA:0,updateTicket
DA:1,1
DA:10,1
DA:12,1
DA:15,1
DA:17,1
DA:18,1
DA:28,0
DA:35,0
DA:36,0
DA:37,0
DA:39,0
DA:44,0
DA:53,0
DA:54,0
DA:55,0
DA:56,0
DA:58,0
DA:63,1
LF:18
LH:7
BRF:0
BRH:0
end_of_record
TN:
SF:src\service\service.js
FN:6,register
FN:24,login
FN:37,viewList
FN:42,submitTicket
FN:60,viewPendingList
FN:65,updateTicket
FN:71,validateTicket
FNF:7
FNH:7
FNDA:1,register
FNDA:1,login
FNDA:1,viewList
FNDA:1,submitTicket
FNDA:1,viewPendingList
FNDA:1,updateTicket
FNDA:1,validateTicket
DA:1,1
DA:2,1
DA:3,1
DA:4,1
DA:8,1
DA:9,1
DA:15,1
DA:16,1
DA:19,0
DA:26,1
DA:27,1
DA:28,1
DA:30,0
DA:31,0
DA:38,1
DA:39,1
DA:44,1
DA:45,1
DA:52,1
DA:53,1
DA:56,0
DA:61,1
DA:62,1
DA:67,1
DA:68,1
DA:72,1
DA:73,0
DA:75,1
DA:118,1
LF:29
LH:24
BRDA:8,0,0,1
BRDA:8,0,1,0
BRDA:8,1,0,1
BRDA:8,1,1,1
BRDA:8,1,2,1
BRDA:26,2,0,1
BRDA:26,2,1,0
BRDA:44,3,0,1
BRDA:44,3,1,0
BRDA:72,4,0,0
BRDA:72,4,1,1
BRDA:72,5,0,1
BRDA:72,5,1,1
BRDA:72,5,2,1
BRF:14
BRH:10
end_of_record
