TN:
SF:src\repository\AuthenticationDAO.js
FN:24,register
FN:63,login
FNF:2
FNH:0
FNDA:0,register
FNDA:0,login
DA:1,1
DA:10,1
DA:11,1
DA:13,1
DA:16,1
DA:25,0
DA:26,0
DA:35,0
DA:37,0
DA:39,0
DA:41,0
DA:50,0
DA:51,0
DA:54,0
DA:58,0
DA:59,0
DA:65,0
DA:73,0
DA:74,0
DA:75,0
DA:77,0
DA:78,0
DA:81,0
DA:82,0
DA:85,0
DA:90,1
LF:26
LH:6
BRDA:39,0,0,0
BRDA:39,0,1,0
BRDA:77,1,0,0
BRDA:77,1,1,0
BRF:4
BRH:0
end_of_record
TN:
SF:src\repository\EmployeeDAO.js
FN:20,viewList
FN:42,submitTicket
FNF:2
FNH:0
FNDA:0,viewList
FNDA:0,submitTicket
DA:1,1
DA:10,1
DA:12,1
DA:15,1
DA:17,1
DA:18,1
DA:26,0
DA:34,0
DA:35,0
DA:36,0
DA:38,0
DA:43,0
DA:54,0
DA:55,0
DA:56,0
DA:57,0
DA:60,0
DA:64,1
LF:18
LH:7
BRF:0
BRH:0
end_of_record
TN:
SF:src\repository\ManagerDAO.js
FN:21,viewPendingList
FN:44,updateTicket
FNF:2
FNH:0
FNDA:0,viewPendingList
FNDA:0,updateTicket
DA:1,1
DA:10,1
DA:12,1
DA:15,1
DA:17,1
DA:18,1
DA:28,0
DA:35,0
DA:36,0
DA:37,0
DA:38,0
DA:40,0
DA:45,0
DA:54,0
DA:55,0
DA:56,0
DA:57,0
DA:59,0
DA:64,1
LF:19
LH:7
BRF:0
BRH:0
end_of_record
TN:
SF:src\service\service.js
FN:6,register
FN:24,login
FN:37,viewList
FN:42,submitTicket
FN:60,viewPendingList
FN:65,updateTicket
FN:71,validateTicket
FN:79,authenticateToken
FN:88,(anonymous_8)
FN:98,authenticateAdminToken
FN:107,(anonymous_10)
FNF:11
FNH:6
FNDA:1,register
FNDA:1,login
FNDA:1,viewList
FNDA:1,submitTicket
FNDA:1,viewPendingList
FNDA:0,updateTicket
FNDA:1,validateTicket
FNDA:0,authenticateToken
FNDA:0,(anonymous_8)
FNDA:0,authenticateAdminToken
FNDA:0,(anonymous_10)
DA:1,1
DA:2,1
DA:3,1
DA:4,1
DA:8,1
DA:9,1
DA:15,1
DA:16,1
DA:19,0
DA:26,1
DA:27,1
DA:28,1
DA:30,0
DA:31,0
DA:38,1
DA:39,1
DA:44,1
DA:45,1
DA:52,1
DA:53,1
DA:56,0
DA:61,1
DA:62,1
DA:67,0
DA:68,0
DA:72,1
DA:73,0
DA:75,1
DA:80,0
DA:81,0
DA:83,0
DA:84,0
DA:85,0
DA:88,0
DA:89,0
DA:90,0
DA:91,0
DA:93,0
DA:94,0
DA:99,0
DA:100,0
DA:102,0
DA:103,0
DA:104,0
DA:107,0
DA:108,0
DA:109,0
DA:110,0
DA:111,0
DA:113,0
DA:114,0
DA:118,1
LF:52
LH:22
BRDA:8,0,0,1
BRDA:8,0,1,0
BRDA:8,1,0,1
BRDA:8,1,1,1
BRDA:8,1,2,1
BRDA:26,2,0,1
BRDA:26,2,1,0
BRDA:44,3,0,1
BRDA:44,3,1,0
BRDA:72,4,0,0
BRDA:72,4,1,1
BRDA:72,5,0,1
BRDA:72,5,1,1
BRDA:72,5,2,1
BRDA:81,6,0,0
BRDA:81,6,1,0
BRDA:83,7,0,0
BRDA:83,7,1,0
BRDA:89,8,0,0
BRDA:89,8,1,0
BRDA:100,9,0,0
BRDA:100,9,1,0
BRDA:102,10,0,0
BRDA:102,10,1,0
BRDA:109,11,0,0
BRDA:109,11,1,0
BRDA:109,12,0,0
BRDA:109,12,1,0
BRF:28
BRH:10
end_of_record
